Removed Pin From Net: NetName=5V Pin=BZ1-1
Removed Pin From Net: NetName=5V Pin=C10-1
Removed Pin From Net: NetName=5V Pin=D3-2
Added Pin To Net: NetName=NetC1_1 Pin=BZ1-1
Added Pin To Net: NetName=NetC1_1 Pin=C10-1
Added Pin To Net: NetName=NetC1_1 Pin=D3-2
Change Net Name : Old Net Name=NetC1_1 New Net Name=FUSE_OUT
Added Member To Class: ClassName=LitVP-V3 Member=Component C17 0.1uF/6.3V
Added Member To Class: ClassName=LitVP-V3 Member=Component C18 1uF
Added Member To Class: ClassName=LitVP-V3 Member=Component C19 8pF
Added Member To Class: ClassName=LitVP-V3 Member=Component C20 8pF
Added Member To Class: ClassName=LitVP-V3 Member=Component P3 4PIN-127
Added Member To Class: ClassName=LitVP-V3 Member=Component R5 0R
Added Member To Class: ClassName=LitVP-V3 Member=Component R6 0R
Added Member To Class: ClassName=LitVP-V3 Member=Component R7 0R
Added Member To Class: ClassName=LitVP-V3 Member=Component R9 0R
Added Member To Class: ClassName=LitVP-V3 Member=Component R10 0R
Added Member To Class: ClassName=LitVP-V3 Member=Component R11 0R
Added Member To Class: ClassName=LitVP-V3 Member=Component R13 10K
Added Member To Class: ClassName=LitVP-V3 Member=Component R14 0R/NC
Added Member To Class: ClassName=LitVP-V3 Member=Component R16 4.7K
Added Member To Class: ClassName=LitVP-V3 Member=Component R17 10K
Added Member To Class: ClassName=LitVP-V3 Member=Component R18 10K
Added Member To Class: ClassName=LitVP-V3 Member=Component R20 4.7K
Added Member To Class: ClassName=LitVP-V3 Member=Component R21 4.7K
