Removed Pin From Net: NetName=GND Pin=BZ1-0
Removed Pin From Net: NetName=GND Pin=J1-6
Removed Pin From Net: NetName=GND Pin=J1-7
Change Component Designator: OldDesignator=C17 NewDesignator=C18
Change Component Designator: OldDesignator=C18 NewDesignator=C19
Change Component Designator: OldDesignator=C19 NewDesignator=C20
Change Component Designator: OldDesignator=C20 NewDesignator=C21
Change Component Designator: OldDesignator=P2 NewDesignator=P3
Change Component Designator: OldDesignator=P3 NewDesignator=P4
Change Component Designator: OldDesignator=P4 NewDesignator=P5
Change Component Designator: OldDesignator=R5 NewDesignator=R6
Change Component Designator: OldDesignator=R6 NewDesignator=R7
Change Component Designator: OldDesignator=R7 NewDesignator=R8
Change Component Designator: OldDesignator=R8 NewDesignator=R10
Change Component Designator: OldDesignator=R9 NewDesignator=R11
Change Component Designator: OldDesignator=R10 NewDesignator=R12
Change Component Designator: OldDesignator=R11 NewDesignator=R13
Change Component Designator: OldDesignator=R12 NewDesignator=R14
Change Component Designator: OldDesignator=R13 NewDesignator=R15
Change Component Designator: OldDesignator=R14 NewDesignator=R16
Change Component Designator: OldDesignator=R15 NewDesignator=R17
Change Component Designator: OldDesignator=R16 NewDesignator=R18
Change Component Designator: OldDesignator=R17 NewDesignator=R19
Change Component Designator: OldDesignator=R18 NewDesignator=R20
Change Component Designator: OldDesignator=R19 NewDesignator=R21
Change Component Designator: OldDesignator=R20 NewDesignator=R22
Change Component Designator: OldDesignator=R21 NewDesignator=R23
Added Component: Designator=C17(0402C)
Add component (AddParameter): Name = "LatestRevisionDate"; Value = "17-Jul-2002"; VariantName = "[No Variations]"
Add component (AddParameter): Name = "LatestRevisionNote"; Value = "Re-released for DXP Platform."; VariantName = "[No Variations]"
Add component (AddParameter): Name = "PackageReference"; Value = "C1206"; VariantName = "[No Variations]"
Add component (AddParameter): Name = "Published"; Value = "8-Jun-2000"; VariantName = "[No Variations]"
Add component (AddParameter): Name = "Publisher"; Value = "Altium Limited"; VariantName = "[No Variations]"
Add component (AddParameter): Name = "Value"; Value = "0.1uF/6.3V"; VariantName = "[No Variations]"
Added Component: Designator=R5(0402)
Add component (AddParameter): Name = "LatestRevisionDate"; Value = "17-Jul-2002"; VariantName = "[No Variations]"
Add component (AddParameter): Name = "LatestRevisionNote"; Value = "Re-released for DXP Platform."; VariantName = "[No Variations]"
Add component (AddParameter): Name = "PackageReference"; Value = "AXIAL-0.5"; VariantName = "[No Variations]"
Add component (AddParameter): Name = "Published"; Value = "8-Jun-2000"; VariantName = "[No Variations]"
Add component (AddParameter): Name = "Publisher"; Value = "Altium Limited"; VariantName = "[No Variations]"
Add component (AddParameter): Name = "Value"; Value = "0R"; VariantName = "[No Variations]"
Added Component: Designator=R9(0402)
Add component (AddParameter): Name = "LatestRevisionDate"; Value = "17-Jul-2002"; VariantName = "[No Variations]"
Add component (AddParameter): Name = "LatestRevisionNote"; Value = "Re-released for DXP Platform."; VariantName = "[No Variations]"
Add component (AddParameter): Name = "PackageReference"; Value = "AXIAL-0.5"; VariantName = "[No Variations]"
Add component (AddParameter): Name = "Published"; Value = "8-Jun-2000"; VariantName = "[No Variations]"
Add component (AddParameter): Name = "Publisher"; Value = "Altium Limited"; VariantName = "[No Variations]"
Add component (AddParameter): Name = "Value"; Value = "0R"; VariantName = "[No Variations]"
Added Component: Designator=U3(NRF52832TR2.4-GC)
Added Pin To Net: NetName=3V3 Pin=C17-1
Added Pin To Net: NetName=GND Pin=C17-2
Added Pin To Net: NetName=GND Pin=U3-1
Added Pin To Net: NetName=GND Pin=U3-2
Added Pin To Net: NetName=GND Pin=U3-3
Added Pin To Net: NetName=GND Pin=U3-16
Added Pin To Net: NetName=3V3 Pin=U3-17
Added Pin To Net: NetName=GND Pin=U3-43
Added Pin To Net: NetName=GND Pin=U3-44
Change Net Name : Old Net Name=NetR8_2 New Net Name=NetR10_2
Change Net Name : Old Net Name=NetR9_2 New Net Name=NetR11_2
Change Net Name : Old Net Name=NetR10_2 New Net Name=NetR12_2
Change Net Name : Old Net Name=NetR12_1 New Net Name=NetR14_1
Change Net Name : Old Net Name=NetR17_1 New Net Name=NetR19_1
Added Pin To Net: NetName=CS Pin=U3-33
Added Net: Name=CS
Added Pin To Net: NetName=EN-ESP32 Pin=R5-1
Added Net: Name=EN-ESP32
Added Pin To Net: NetName=G1A-P74 Pin=U3-11
Added Net: Name=G1A-P74
Added Pin To Net: NetName=MISO Pin=U3-32
Added Net: Name=MISO
Added Pin To Net: NetName=MOSI Pin=U3-31
Added Net: Name=MOSI
Added Pin To Net: NetName=N-LCD-SCL Pin=U3-7
Added Net: Name=N-LCD-SCL
Added Pin To Net: NetName=N-LCD-SDA Pin=U3-6
Added Net: Name=N-LCD-SDA
Added Pin To Net: NetName=N-RXD Pin=U3-24
Added Net: Name=N-RXD
Added Pin To Net: NetName=N-TXD Pin=U3-22
Added Net: Name=N-TXD
Added Pin To Net: NetName=NetP2_1 Pin=U3-23
Added Net: Name=NetP2_1
Added Pin To Net: NetName=NetR5_2 Pin=R5-2
Added Pin To Net: NetName=NetR5_2 Pin=U3-42
Added Net: Name=NetR5_2
Added Pin To Net: NetName=NetR9_2 Pin=R9-2
Added Pin To Net: NetName=NetR9_2 Pin=U3-37
Added Net: Name=NetR9_2
Added Pin To Net: NetName=P9-Key1 Pin=U3-25
Added Net: Name=P9-Key1
Added Pin To Net: NetName=P10-Key2 Pin=U3-26
Added Net: Name=P10-Key2
Added Pin To Net: NetName=P11-Key3 Pin=U3-27
Added Net: Name=P11-Key3
Added Pin To Net: NetName=P12-Key4 Pin=U3-28
Added Net: Name=P12-Key4
Added Pin To Net: NetName=P13-Key8 Pin=U3-29
Added Net: Name=P13-Key8
Added Pin To Net: NetName=P18-PWM-LCD Light Pin=U3-34
Added Net: Name=P18-PWM-LCD Light
Added Pin To Net: NetName=P19-Key5 Pin=U3-35
Added Net: Name=P19-Key5
Added Pin To Net: NetName=P20-Key6 Pin=U3-36
Added Net: Name=P20-Key6
Added Pin To Net: NetName=P22-Relay Pin=U3-40
Added Net: Name=P22-Relay
Added Pin To Net: NetName=P23-GAS Pin=U3-41
Added Net: Name=P23-GAS
Added Pin To Net: NetName=P27-Key7 Pin=U3-8
Added Net: Name=P27-Key7
Added Pin To Net: NetName=P30-G1A Pin=R9-1
Added Net: Name=P30-G1A
Added Pin To Net: NetName=P31-BLE Pin=U3-12
Added Net: Name=P31-BLE
Added Pin To Net: NetName=SCK Pin=U3-30
Added Net: Name=SCK
Added Pin To Net: NetName=SWCLK Pin=U3-38
Added Net: Name=SWCLK
Added Pin To Net: NetName=SWDIO Pin=U3-39
Added Net: Name=SWDIO
Added Pin To Net: NetName=Thermo1+ Pin=U3-18
Added Net: Name=Thermo1+
Added Pin To Net: NetName=Thermo2+ Pin=U3-19
Added Net: Name=Thermo2+
Added Pin To Net: NetName=Thermo3+ Pin=U3-20
Added Net: Name=Thermo3+
Added Pin To Net: NetName=Thermo4+ Pin=U3-21
Added Net: Name=Thermo4+
Added Pin To Net: NetName=Thermo5+ Pin=U3-9
Added Net: Name=Thermo5+
Added Pin To Net: NetName=Thermo6+ Pin=U3-10
Added Net: Name=Thermo6+
Change Class Name : Old Net Name=LitVP-02 New Net Name=LitVP-V3
Added Member To Class: ClassName=LitVP-V3 Member=Component C21 0.1uF
Added Member To Class: ClassName=LitVP-V3 Member=Component P5 3PIN-127
Added Member To Class: ClassName=LitVP-V3 Member=Component R22 4.7K
Added Member To Class: ClassName=LitVP-V3 Member=Component R23 4.7K
Added Member To Class: ClassName=LitVP-V3 Member=Component U3 NRF52832TR2.4-GC
Added Room: Name=LitVP-V3
