Change Physical Footprint: Designator=C2 Old Footprint=DIP CAP-8*3.5 New Footprint=DIP CAP-8*3.5
Change Physical Footprint: Designator=C3 Old Footprint=0603C New Footprint=0603C
Change Physical Footprint: Designator=C4 Old Footprint=0603C New Footprint=0603C
Change Physical Footprint: Designator=C5 Old Footprint=0603C New Footprint=0603C
Change Physical Footprint: Designator=C6 Old Footprint=0603C New Footprint=0603C
Change Physical Footprint: Designator=C7 Old Footprint=0805C New Footprint=0805C
Change Physical Footprint: Designator=C8 Old Footprint=0805C New Footprint=0805C
Change Physical Footprint: Designator=C9 Old Footprint=0603C New Footprint=0603C
Change Physical Footprint: Designator=C10 Old Footprint=0603C New Footprint=0603C
Change Physical Footprint: Designator=C11 Old Footprint=0603C New Footprint=0603C
Change Physical Footprint: Designator=D1 Old Footprint=SMBJ40CA(TVS) New Footprint=SMBJ40CA(TVS)
Change Physical Footprint: Designator=D2 Old Footprint=SMBJ40CA(TVS) New Footprint=SMBJ40CA(TVS)
Change Physical Footprint: Designator=D3 Old Footprint=LEDX2HOLD New Footprint=LEDX2HOLD
Change Physical Footprint: Designator=D4 Old Footprint=LED0603--0.4mm New Footprint=LED0603--0.4mm
Change Physical Footprint: Designator=D5 Old Footprint=LED0603--0.4mm New Footprint=LED0603--0.4mm
Change Physical Footprint: Designator=F1 Old Footprint=1206-FUSE New Footprint=1206-FUSE
Change Physical Footprint: Designator=IC1 Old Footprint=QFP50P900X900X160-48N New Footprint=QFP50P900X900X160-48N
Change Physical Footprint: Designator=IC2 Old Footprint=SOIC127P600X175-8N New Footprint=SOIC127P600X175-8N
Change Physical Footprint: Designator=J1 Old Footprint=DC JACK-2.5T-NEW New Footprint=DC JACK-2.5T-NEW
Change Physical Footprint: Designator=J2 Old Footprint=I-PEX-CON New Footprint=I-PEX-CON
Change Physical Footprint: Designator=L1 Old Footprint=L7X6.6 New Footprint=L7X6.6
Change Physical Footprint: Designator=P1 Old Footprint=OQ5.08-90D-2P New Footprint=OQ5.08-90D-2P
Change Physical Footprint: Designator=P2 Old Footprint=OQ5.08-90D-5P New Footprint=OQ5.08-90D-5P
Change Physical Footprint: Designator=Q1 Old Footprint=SOT-23 New Footprint=SOT-23
Change Physical Footprint: Designator=Q2 Old Footprint=SOT-23 New Footprint=SOT-23
Change Physical Footprint: Designator=Q3 Old Footprint=SOT-23 New Footprint=SOT-23
Change Physical Footprint: Designator=Q4 Old Footprint=SOT-23 New Footprint=SOT-23
Change Physical Footprint: Designator=R1 Old Footprint=0603 New Footprint=0603
Change Physical Footprint: Designator=R2 Old Footprint=0603 New Footprint=0603
Change Physical Footprint: Designator=R3 Old Footprint=0603 New Footprint=0603
Change Physical Footprint: Designator=R5 Old Footprint=0603 New Footprint=0603
Change Physical Footprint: Designator=R7 Old Footprint=0603 New Footprint=0603
Change Physical Footprint: Designator=R8 Old Footprint=0603 New Footprint=0603
Change Physical Footprint: Designator=R9 Old Footprint=0603 New Footprint=0603
Change Physical Footprint: Designator=R10 Old Footprint=0805 New Footprint=0805
Change Physical Footprint: Designator=R11 Old Footprint=0603 New Footprint=0603
Change Physical Footprint: Designator=R15 Old Footprint=0805 New Footprint=0805
Change Physical Footprint: Designator=R19 Old Footprint=0603 New Footprint=0603
Change Physical Footprint: Designator=R20 Old Footprint=0603 New Footprint=0603
Change Physical Footprint: Designator=SW1 Old Footprint=Button_2pin-3*4*2MM New Footprint=Button_2pin-3*4*2MM
Change Physical Footprint: Designator=SW2 Old Footprint=SW-AT-1102VT1-new New Footprint=SW-AT-1102VT1-new
Change Physical Footprint: Designator=SW3 Old Footprint=SW-AT-1102VT1-new New Footprint=SW-AT-1102VT1-new
Change Physical Footprint: Designator=U1 Old Footprint=MOS SOP8 New Footprint=MOS SOP8
Change Physical Footprint: Designator=U2 Old Footprint=SOIC127P600X175-8N New Footprint=SOIC127P600X175-8N
Change Physical Footprint: Designator=U3 Old Footprint=SOT-23-5-0.95MM New Footprint=SOT-23-5-0.95MM
Change Physical Footprint: Designator=U4 Old Footprint=WS101A New Footprint=WS101A
Change Physical Footprint: Designator=U5 Old Footprint=IS181-SMD New Footprint=IS181-SMD
Change Physical Footprint: Designator=U6 Old Footprint=IS181-SMD New Footprint=IS181-SMD
Change Physical Footprint: Designator=U7 Old Footprint=IS181-SMD New Footprint=IS181-SMD
Change Physical Footprint: Designator=U8 Old Footprint=IC_TXB0104RUTR New Footprint=IC_TXB0104RUTR
