Change Physical Footprint: Designator=C1 Old Footprint=0402C New Footprint=0402C
Change Physical Footprint: Designator=C2 Old Footprint=0402C New Footprint=0402C
Change Physical Footprint: Designator=C3 Old Footprint=0402C New Footprint=0402C
Change Physical Footprint: Designator=C4 Old Footprint=0402C New Footprint=0402C
Change Physical Footprint: Designator=C5 Old Footprint=0402C New Footprint=0402C
Change Physical Footprint: Designator=C6 Old Footprint=0402C New Footprint=0402C
Change Physical Footprint: Designator=C7 Old Footprint=0402C New Footprint=0402C
Change Physical Footprint: Designator=C8 Old Footprint=0402C New Footprint=0402C
Change Physical Footprint: Designator=C9 Old Footprint=0402C New Footprint=0402C
Change Physical Footprint: Designator=C10 Old Footprint=0402C New Footprint=0402C
Change Physical Footprint: Designator=C11 Old Footprint=0402C New Footprint=0402C
Change Physical Footprint: Designator=C12 Old Footprint=0402C New Footprint=0402C
Change Physical Footprint: Designator=C13 Old Footprint=0402C New Footprint=0402C
Change Physical Footprint: Designator=C14 Old Footprint=0402C New Footprint=0402C
Change Physical Footprint: Designator=C15 Old Footprint=0402C New Footprint=0402C
Change Physical Footprint: Designator=C16 Old Footprint=0402C New Footprint=0402C
Change Physical Footprint: Designator=C17 Old Footprint=0402C New Footprint=0402C
Change Physical Footprint: Designator=C18 Old Footprint=0402C New Footprint=0402C
Change Physical Footprint: Designator=C19 Old Footprint=0402C New Footprint=0402C
Change Physical Footprint: Designator=C20 Old Footprint=0402C New Footprint=0402C
Change Physical Footprint: Designator=D1 Old Footprint=LED0603--0.4mm New Footprint=LED0603--0.4mm
Change Physical Footprint: Designator=D2 Old Footprint=LED0603--0.4mm New Footprint=LED0603--0.4mm
Change Physical Footprint: Designator=D4 Old Footprint=DIODE-0402 New Footprint=DIODE-0402
Change Physical Footprint: Designator=D5 Old Footprint=DIODE-0402 New Footprint=DIODE-0402
Change Physical Footprint: Designator=D6 Old Footprint=DIODE-0402 New Footprint=DIODE-0402
Change Physical Footprint: Designator=F1 Old Footprint=0805 New Footprint=0805
Change Physical Footprint: Designator=J1 Old Footprint=53398-0571 New Footprint=53398-0571
Change Physical Footprint: Designator=P1 Old Footprint=12PIN_SAMTEC-MMT-136-02-X-SH New Footprint=12PIN_SAMTEC-MMT-136-02-X-SH
Change Physical Footprint: Designator=P2 Old Footprint=4PIN-127_0.85_0.505 New Footprint=4PIN-127_0.85_0.505
Change Physical Footprint: Designator=P3 Old Footprint=4PIN-127_0.85_0.505 New Footprint=4PIN-127_0.85_0.505
Change Physical Footprint: Designator=P4 Old Footprint=3PIN-127 New Footprint=3PIN-127
Change Physical Footprint: Designator=Q1 Old Footprint=SOT-23 New Footprint=SOT-23
Change Physical Footprint: Designator=R1 Old Footprint=0402 New Footprint=0402
Change Physical Footprint: Designator=R2 Old Footprint=0402 New Footprint=0402
Change Physical Footprint: Designator=R3 Old Footprint=0402 New Footprint=0402
Change Physical Footprint: Designator=R4 Old Footprint=0402 New Footprint=0402
Change Physical Footprint: Designator=R5 Old Footprint=0402 New Footprint=0402
Change Physical Footprint: Designator=R6 Old Footprint=0402 New Footprint=0402
Change Physical Footprint: Designator=R7 Old Footprint=0402 New Footprint=0402
Change Physical Footprint: Designator=R8 Old Footprint=0402 New Footprint=0402
Change Physical Footprint: Designator=R9 Old Footprint=0402 New Footprint=0402
Change Physical Footprint: Designator=R10 Old Footprint=0402 New Footprint=0402
Change Physical Footprint: Designator=R11 Old Footprint=0402 New Footprint=0402
Change Physical Footprint: Designator=R12 Old Footprint=0402 New Footprint=0402
Change Physical Footprint: Designator=R13 Old Footprint=0402 New Footprint=0402
Change Physical Footprint: Designator=R14 Old Footprint=0402 New Footprint=0402
Change Physical Footprint: Designator=R15 Old Footprint=0402 New Footprint=0402
Change Physical Footprint: Designator=R16 Old Footprint=0402 New Footprint=0402
Change Physical Footprint: Designator=R17 Old Footprint=0402 New Footprint=0402
Change Physical Footprint: Designator=R18 Old Footprint=0402 New Footprint=0402
Change Physical Footprint: Designator=R19 Old Footprint=0402 New Footprint=0402
Change Physical Footprint: Designator=R20 Old Footprint=0402 New Footprint=0402
Change Physical Footprint: Designator=R21 Old Footprint=0402 New Footprint=0402
Change Physical Footprint: Designator=U1 Old Footprint=SOT-23-5-0.95MM New Footprint=SOT-23-5-0.95MM
Change Physical Footprint: Designator=U2 Old Footprint=QFN64-0.4mm-8X8 New Footprint=QFN64-0.4mm-8X8
Change Physical Footprint: Designator=X1 Old Footprint=XTAL-SMD-20X16 New Footprint=XTAL-SMD-20X16
