Change Component Comment : Designator=BZ1 Old Comment=YZ5020CS-03L-4.0-12-R New Comment=MLT-5020
Change component parameters: Designator = "BZ1" ("BZ1"); Footprint = "BUZZER-SMD-5*5mm"; UniqueID = "\QMDNULFX" ("\QMDNULFX")
Change component parameters (AddParameter): Name = "Value"; Value = "MLT-5020"; VariantName = "[No Variations]"
Change component parameters: Designator = "D1" ("D1"); Footprint = "LED0603--0.4mm"; UniqueID = "\XVPPSNCP" ("\XVPPSNCP")
Change component parameters (AddParameter): Name = "Bottom"; Value = "20"; VariantName = "[No Variations]"
Change component parameters (AddParameter): Name = "Cost"; Value = "0.48"; VariantName = "[No Variations]"
Change component parameters (AddParameter): Name = "FPLIST"; Value = "mot/0805LED,dig/0805led"; VariantName = "[No Variations]"
Change component parameters (AddParameter): Name = "Manufacturer"; Value = "Citizen"; VariantName = "[No Variations]"
Change component parameters (AddParameter): Name = "Manufacturer's Part Number"; Value = "CL-170G-CD-T"; VariantName = "[No Variations]"
Change component parameters (AddParameter): Name = "Old Part Number"; Value = "4317000"; VariantName = "[No Variations]"
Change component parameters (AddParameter): Name = "Package Height"; Value = "1.1mm"; VariantName = "[No Variations]"
Change component parameters (AddParameter): Name = "Part Number"; Value = "41100017000"; VariantName = "[No Variations]"
Change component parameters (AddParameter): Name = "Part Status"; Value = ""; VariantName = "[No Variations]"
Change component parameters (AddParameter): Name = "PCB_dir"; Value = "90.000000"; VariantName = "[No Variations]"
Change component parameters (AddParameter): Name = "PCB_x"; Value = "46.095000"; VariantName = "[No Variations]"
Change component parameters (AddParameter): Name = "PCB_y"; Value = "6.420000"; VariantName = "[No Variations]"
Change component parameters (AddParameter): Name = "Rating"; Value = ""; VariantName = "[No Variations]"
Change component parameters (AddParameter): Name = "Right"; Value = "40"; VariantName = "[No Variations]"
Change component parameters (AddParameter): Name = "Tolerance"; Value = ""; VariantName = "[No Variations]"
Change component parameters (AddParameter): Name = "Value"; Value = "Green_LED/NC"; VariantName = "[No Variations]"
Change component parameters (AddParameter): Name = "VALUE_ALLEGRO"; Value = "Red_LED"; VariantName = "[No Variations]"
Change component parameters: Designator = "D2" ("D2"); Footprint = "LED0603--0.4mm"; UniqueID = "\UTDMOGGU" ("\UTDMOGGU")
Change component parameters (AddParameter): Name = "Bottom"; Value = "20"; VariantName = "[No Variations]"
Change component parameters (AddParameter): Name = "Cost"; Value = "0.48"; VariantName = "[No Variations]"
Change component parameters (AddParameter): Name = "FPLIST"; Value = "mot/0805LED,dig/0805led"; VariantName = "[No Variations]"
Change component parameters (AddParameter): Name = "Manufacturer"; Value = "Citizen"; VariantName = "[No Variations]"
Change component parameters (AddParameter): Name = "Manufacturer's Part Number"; Value = "CL-170G-CD-T"; VariantName = "[No Variations]"
Change component parameters (AddParameter): Name = "Old Part Number"; Value = "4317000"; VariantName = "[No Variations]"
Change component parameters (AddParameter): Name = "Package Height"; Value = "1.1mm"; VariantName = "[No Variations]"
Change component parameters (AddParameter): Name = "Part Number"; Value = "41100017000"; VariantName = "[No Variations]"
Change component parameters (AddParameter): Name = "Part Status"; Value = ""; VariantName = "[No Variations]"
Change component parameters (AddParameter): Name = "PCB_dir"; Value = "90.000000"; VariantName = "[No Variations]"
Change component parameters (AddParameter): Name = "PCB_x"; Value = "46.095000"; VariantName = "[No Variations]"
Change component parameters (AddParameter): Name = "PCB_y"; Value = "6.420000"; VariantName = "[No Variations]"
Change component parameters (AddParameter): Name = "Rating"; Value = ""; VariantName = "[No Variations]"
Change component parameters (AddParameter): Name = "Right"; Value = "40"; VariantName = "[No Variations]"
Change component parameters (AddParameter): Name = "Tolerance"; Value = ""; VariantName = "[No Variations]"
Change component parameters (AddParameter): Name = "Value"; Value = "Green_LED"; VariantName = "[No Variations]"
Change component parameters (AddParameter): Name = "VALUE_ALLEGRO"; Value = "Red_LED"; VariantName = "[No Variations]"
Change component parameters: Designator = "D3" ("D3"); Footprint = "SOD323-1N4148WS"; UniqueID = "\MCFNYBJQ" ("\MCFNYBJQ")
Change component parameters (AddParameter): Name = "Value"; Value = "1N4148WS"; VariantName = "[No Variations]"
Change component parameters: Designator = "J1" ("J1"); Footprint = "53398-0571"; UniqueID = "\OQJGNORZ" ("\OQJGNORZ")
Change component parameters (AddParameter): Name = "Datasheet Link"; Value = "https://componentsearchengine.com/Datasheets/2/53048-0510.pdf"; VariantName = "[No Variations]"
Change component parameters (AddParameter): Name = "Height"; Value = "3.7mm"; VariantName = "[No Variations]"
Change component parameters (AddParameter): Name = "Manufacturer_Name"; Value = "Molex"; VariantName = "[No Variations]"
Change component parameters (AddParameter): Name = "Manufacturer_Part_Number"; Value = "53048-0510"; VariantName = "[No Variations]"
Change component parameters (AddParameter): Name = "Mouser2 Part Number"; Value = ""; VariantName = "[No Variations]"
Change component parameters (AddParameter): Name = "Mouser2 Price/Stock"; Value = ""; VariantName = "[No Variations]"
Change component parameters (AddParameter): Name = "Value"; Value = "533980571"; VariantName = "[No Variations]"
Change component parameters: Designator = "J2" ("J2"); Footprint = "2PIN-127"; UniqueID = "\GAWHHLQA" ("\GAWHHLQA")
Change component parameters (AddParameter): Name = "Value"; Value = "2PIN-200/NC"; VariantName = "[No Variations]"
Change component parameters: Designator = "P1" ("P1"); Footprint = "12PIN_SAMTEC-MMT-136-02-X-SH"; UniqueID = "\PFVFGSTL" ("\PFVFGSTL")
Change component parameters (AddParameter): Name = "Value"; Value = "12PIN_SMD"; VariantName = "[No Variations]"
Change component parameters: Designator = "P4" ("P4"); Footprint = "3PIN-127"; UniqueID = "\LYBJCOLB" ("\LYBJCOLB")
Change component parameters (AddParameter): Name = "Value"; Value = "3PIN-127"; VariantName = "[No Variations]"
Change component parameters: Designator = "Q1" ("Q1"); Footprint = "SOT-23"; UniqueID = "\RYDTBADZ" ("\RYDTBADZ")
Change component parameters (AddParameter): Name = "Code_JEDEC"; Value = ""; VariantName = "[No Variations]"
Change component parameters (AddParameter): Name = "ComponentLink1Description"; Value = ""; VariantName = "[No Variations]"
Change component parameters (AddParameter): Name = "ComponentLink1URL"; Value = ""; VariantName = "[No Variations]"
Change component parameters (AddParameter): Name = "ComponentLink2Description"; Value = ""; VariantName = "[No Variations]"
Change component parameters (AddParameter): Name = "ComponentLink2URL"; Value = ""; VariantName = "[No Variations]"
Change component parameters (AddParameter): Name = "DatasheetDocument"; Value = ""; VariantName = "[No Variations]"
Change component parameters (AddParameter): Name = "LatestRevisionDate"; Value = ""; VariantName = "[No Variations]"
Change component parameters (AddParameter): Name = "LatestRevisionNote"; Value = ""; VariantName = "[No Variations]"
Change component parameters (AddParameter): Name = "PackageDocument"; Value = ""; VariantName = "[No Variations]"
Change component parameters (AddParameter): Name = "PackageReference"; Value = ""; VariantName = "[No Variations]"
Change component parameters (AddParameter): Name = "Published"; Value = ""; VariantName = "[No Variations]"
Change component parameters (AddParameter): Name = "Publisher"; Value = ""; VariantName = "[No Variations]"
Change component parameters (AddParameter): Name = "Value"; Value = "MMBT3904"; VariantName = "[No Variations]"
Change component parameters: Designator = "U1" ("U1"); Footprint = "SOT-23-5-0.95MM"; UniqueID = "\WFJOXUVV" ("\WFJOXUVV")
Change component parameters (AddParameter): Name = "Value"; Value = "XC6223T331MR-G"; VariantName = "[No Variations]"
Change component parameters: Designator = "X1" ("X1"); Footprint = "XTAL-SMD-20X16"; UniqueID = "\MCQJMTGY" ("\MCQJMTGY")
Change component parameters (AddParameter): Name = "Value"; Value = "24MHz / 8pF"; VariantName = "[No Variations]"
