Change Component Comment : Designator=C2 Old Comment==Value New Comment=0.1uF
Change Component Comment : Designator=C6 Old Comment==Value New Comment=0.1uF
Change Component Comment : Designator=C7 Old Comment==Value New Comment=0.1uF
Change Component Comment : Designator=C8 Old Comment==Value New Comment=0.1uF
Change Component Comment : Designator=C11 Old Comment==Value New Comment=0.1uF
Change Component Comment : Designator=C12 Old Comment==Value New Comment=0.1uF
Change Component Comment : Designator=C13 Old Comment==Value New Comment=0.1uF
Change Component Comment : Designator=C14 Old Comment==Value New Comment=0.1uF
Change Component Comment : Designator=C15 Old Comment==Value New Comment=0.1uF
Change Component Comment : Designator=C20 Old Comment==Value New Comment=0.1uF
Change Component Comment : Designator=C3 Old Comment==Value New Comment=1uF
Change Component Comment : Designator=C5 Old Comment==Value New Comment=1uF
Change Component Comment : Designator=C9 Old Comment==Value New Comment=1uF
Change Component Comment : Designator=C16 Old Comment==Value New Comment=1uF
Change Component Comment : Designator=C17 Old Comment==Value New Comment=1uF
Change Component Comment : Designator=C1 Old Comment==Value New Comment=4.7uF
Change Component Comment : Designator=C4 Old Comment==Value New Comment=4.7uF
Change Component Comment : Designator=C10 Old Comment==Value New Comment=4.7uF
Change Component Comment : Designator=C18 Old Comment==Value New Comment=8pF
Change Component Comment : Designator=C19 Old Comment==Value New Comment=8pF
Change component parameters: Designator = "C1" ("C1"); Footprint = "0402C"; UniqueID = "\STDPNGTA" ("\STDPNGTA")
Change component parameters (AddParameter): Name = "Value"; Value = "4.7uF"; VariantName = "[No Variations]"
Change component parameters: Designator = "C2" ("C2"); Footprint = "0402C"; UniqueID = "\DNXKYPSS" ("\DNXKYPSS")
Change component parameters (AddParameter): Name = "Value"; Value = "0.1uF"; VariantName = "[No Variations]"
Change component parameters: Designator = "C3" ("C3"); Footprint = "0402C"; UniqueID = "\WVSLDRUW" ("\WVSLDRUW")
Change component parameters (AddParameter): Name = "Value"; Value = "1uF"; VariantName = "[No Variations]"
Change component parameters: Designator = "C4" ("C4"); Footprint = "0402C"; UniqueID = "\RYIJELOW" ("\RYIJELOW")
Change component parameters (AddParameter): Name = "Value"; Value = "4.7uF"; VariantName = "[No Variations]"
Change component parameters: Designator = "C5" ("C5"); Footprint = "0402C"; UniqueID = "\GSCCTHVK" ("\GSCCTHVK")
Change component parameters (AddParameter): Name = "Value"; Value = "1uF"; VariantName = "[No Variations]"
Change component parameters: Designator = "C6" ("C6"); Footprint = "0402C"; UniqueID = "\PSHXDKWC" ("\PSHXDKWC")
Change component parameters (AddParameter): Name = "Value"; Value = "0.1uF"; VariantName = "[No Variations]"
Change component parameters: Designator = "C7" ("C7"); Footprint = "0402C"; UniqueID = "\VPSMXEKB" ("\VPSMXEKB")
Change component parameters (AddParameter): Name = "Value"; Value = "0.1uF"; VariantName = "[No Variations]"
Change component parameters: Designator = "C8" ("C8"); Footprint = "0402C"; UniqueID = "\QUBNHYXA" ("\QUBNHYXA")
Change component parameters (AddParameter): Name = "Value"; Value = "0.1uF"; VariantName = "[No Variations]"
Change component parameters: Designator = "C9" ("C9"); Footprint = "0402C"; UniqueID = "\EOSKOIMN" ("\EOSKOIMN")
Change component parameters (AddParameter): Name = "Value"; Value = "1uF"; VariantName = "[No Variations]"
Change component parameters: Designator = "C10" ("C10"); Footprint = "0402C"; UniqueID = "\IATGXDAE" ("\IATGXDAE")
Change component parameters (AddParameter): Name = "Value"; Value = "4.7uF"; VariantName = "[No Variations]"
Change component parameters: Designator = "C11" ("C11"); Footprint = "0402C"; UniqueID = "\QPLSDQQL" ("\QPLSDQQL")
Change component parameters (AddParameter): Name = "Value"; Value = "0.1uF"; VariantName = "[No Variations]"
Change component parameters: Designator = "C12" ("C12"); Footprint = "0402C"; UniqueID = "\TCLXNMLW" ("\TCLXNMLW")
Change component parameters (AddParameter): Name = "Value"; Value = "0.1uF"; VariantName = "[No Variations]"
Change component parameters: Designator = "C13" ("C13"); Footprint = "0402C"; UniqueID = "\EQOCAXHN" ("\EQOCAXHN")
Change component parameters (AddParameter): Name = "Value"; Value = "0.1uF"; VariantName = "[No Variations]"
Change component parameters: Designator = "C14" ("C14"); Footprint = "0402C"; UniqueID = "\CMVIPNVX" ("\CMVIPNVX")
Change component parameters (AddParameter): Name = "Value"; Value = "0.1uF"; VariantName = "[No Variations]"
Change component parameters: Designator = "C15" ("C15"); Footprint = "0402C"; UniqueID = "\OPGGJHWJ" ("\OPGGJHWJ")
Change component parameters (AddParameter): Name = "Value"; Value = "0.1uF"; VariantName = "[No Variations]"
Change component parameters: Designator = "C16" ("C16"); Footprint = "0402C"; UniqueID = "\JLMRIAEO" ("\JLMRIAEO")
Change component parameters (AddParameter): Name = "Value"; Value = "1uF"; VariantName = "[No Variations]"
Change component parameters: Designator = "C17" ("C17"); Footprint = "0402C"; UniqueID = "\YKKKFIXQ" ("\YKKKFIXQ")
Change component parameters (AddParameter): Name = "Value"; Value = "1uF"; VariantName = "[No Variations]"
Change component parameters: Designator = "C18" ("C18"); Footprint = "0402C"; UniqueID = "\SDTLISSI" ("\SDTLISSI")
Change component parameters (AddParameter): Name = "Value"; Value = "8pF"; VariantName = "[No Variations]"
Change component parameters: Designator = "C19" ("C19"); Footprint = "0402C"; UniqueID = "\MCCVSNXT" ("\MCCVSNXT")
Change component parameters (AddParameter): Name = "Value"; Value = "8pF"; VariantName = "[No Variations]"
Change component parameters: Designator = "C20" ("C20"); Footprint = "0402C"; UniqueID = "\BHGARKUY" ("\BHGARKUY")
Change component parameters (AddParameter): Name = "Value"; Value = "0.1uF"; VariantName = "[No Variations]"
